2026-02-03T14:13:12.018+08:00  INFO 96446 --- [main] c.e.p.ProductManagementApplication       : Starting ProductManagementApplication using Java 17.0.11 with PID 96446 (/Users/sabrina/Desktop/大樹-java-教材/電商後台系統/onlineShopping 2/product-management/target/classes started by sabrina in /Users/sabrina/Desktop/大樹-java-教材/電商後台系統/onlineShopping 2)
2026-02-03T14:13:12.030+08:00 DEBUG 96446 --- [main] c.e.p.ProductManagementApplication       : Running with Spring Boot v3.2.5, Spring v6.1.6
2026-02-03T14:13:12.034+08:00  INFO 96446 --- [main] c.e.p.ProductManagementApplication       : No active profile set, falling back to 1 default profile: "default"
2026-02-03T14:13:13.030+08:00  INFO 96446 --- [main] .s.d.r.c.RepositoryConfigurationDelegate : Bootstrapping Spring Data JPA repositories in DEFAULT mode.
2026-02-03T14:13:13.085+08:00  INFO 96446 --- [main] .s.d.r.c.RepositoryConfigurationDelegate : Finished Spring Data repository scanning in 48 ms. Found 8 JPA repository interfaces.
2026-02-03T14:13:13.536+08:00  INFO 96446 --- [main] o.s.b.w.embedded.tomcat.TomcatWebServer  : Tomcat initialized with port 8080 (http)
2026-02-03T14:13:13.544+08:00  INFO 96446 --- [main] o.apache.catalina.core.StandardService   : Starting service [Tomcat]
2026-02-03T14:13:13.544+08:00  INFO 96446 --- [main] o.apache.catalina.core.StandardEngine    : Starting Servlet engine: [Apache Tomcat/10.1.20]
2026-02-03T14:13:13.578+08:00  INFO 96446 --- [main] o.a.c.c.C.[Tomcat].[localhost].[/]       : Initializing Spring embedded WebApplicationContext
2026-02-03T14:13:13.582+08:00  INFO 96446 --- [main] w.s.c.ServletWebServerApplicationContext : Root WebApplicationContext: initialization completed in 1501 ms
2026-02-03T14:13:13.721+08:00  INFO 96446 --- [main] com.zaxxer.hikari.HikariDataSource       : HikariPool-1 - Starting...
2026-02-03T14:13:14.253+08:00  INFO 96446 --- [main] com.zaxxer.hikari.pool.HikariPool        : HikariPool-1 - Added connection com.mysql.cj.jdbc.ConnectionImpl@528f5b7f
2026-02-03T14:13:14.256+08:00  INFO 96446 --- [main] com.zaxxer.hikari.HikariDataSource       : HikariPool-1 - Start completed.
2026-02-03T14:13:14.346+08:00  INFO 96446 --- [main] o.hibernate.jpa.internal.util.LogHelper  : HHH000204: Processing PersistenceUnitInfo [name: default]
2026-02-03T14:13:14.384+08:00  INFO 96446 --- [main] org.hibernate.Version                    : HHH000412: Hibernate ORM core version 6.4.4.Final
2026-02-03T14:13:14.410+08:00  INFO 96446 --- [main] o.h.c.internal.RegionFactoryInitiator    : HHH000026: Second-level cache disabled
2026-02-03T14:13:14.616+08:00  INFO 96446 --- [main] o.s.o.j.p.SpringPersistenceUnitInfo      : No LoadTimeWeaver setup: ignoring JPA class transformer
2026-02-03T14:13:14.754+08:00  WARN 96446 --- [main] org.hibernate.orm.deprecation            : HHH90000025: MySQLDialect does not need to be specified explicitly using 'hibernate.dialect' (remove the property setting and it will be selected by default)
2026-02-03T14:13:15.643+08:00  INFO 96446 --- [main] o.h.e.t.j.p.i.JtaPlatformInitiator       : HHH000489: No JTA platform available (set 'hibernate.transaction.jta.platform' to enable JTA platform integration)
2026-02-03T14:13:16.070+08:00  INFO 96446 --- [main] j.LocalContainerEntityManagerFactoryBean : Initialized JPA EntityManagerFactory for persistence unit 'default'
2026-02-03T14:13:16.368+08:00 DEBUG 96446 --- [main] c.e.p.filter.JwtAuthenticationFilter     : Filter 'jwtAuthenticationFilter' configured for use
2026-02-03T14:13:16.445+08:00  INFO 96446 --- [main] o.s.d.j.r.query.QueryEnhancerFactory     : Hibernate is in classpath; If applicable, HQL parser will be used.
2026-02-03T14:13:17.295+08:00  WARN 96446 --- [main] JpaBaseConfiguration$JpaWebConfiguration : spring.jpa.open-in-view is enabled by default. Therefore, database queries may be performed during view rendering. Explicitly configure spring.jpa.open-in-view to disable this warning
2026-02-03T14:13:17.598+08:00  INFO 96446 --- [main] o.s.b.a.e.web.EndpointLinksResolver      : Exposing 1 endpoint(s) beneath base path '/actuator'
2026-02-03T14:13:17.681+08:00  INFO 96446 --- [main] o.s.s.web.DefaultSecurityFilterChain     : Will secure any request with [org.springframework.security.web.session.DisableEncodeUrlFilter@3178ca57, org.springframework.security.web.context.request.async.WebAsyncManagerIntegrationFilter@4ac2aa10, org.springframework.security.web.context.SecurityContextHolderFilter@35454e3b, org.springframework.security.web.header.HeaderWriterFilter@10130823, org.springframework.web.filter.CorsFilter@a8af0a3, org.springframework.security.web.authentication.logout.LogoutFilter@36806af3, com.example.productmanagement.filter.JwtAuthenticationFilter@7ee6d5fd, org.springframework.security.web.authentication.UsernamePasswordAuthenticationFilter@666971a, org.springframework.security.web.savedrequest.RequestCacheAwareFilter@1c8d42d6, org.springframework.security.web.servletapi.SecurityContextHolderAwareRequestFilter@4b26a938, org.springframework.security.web.authentication.AnonymousAuthenticationFilter@1c585232, org.springframework.security.web.session.SessionManagementFilter@4e99b33, org.springframework.security.web.access.ExceptionTranslationFilter@3905b66, org.springframework.security.web.access.intercept.AuthorizationFilter@41ff6f38]
2026-02-03T14:13:18.041+08:00  INFO 96446 --- [main] o.s.b.w.embedded.tomcat.TomcatWebServer  : Tomcat started on port 8080 (http) with context path ''
2026-02-03T14:13:18.056+08:00  INFO 96446 --- [main] c.e.p.ProductManagementApplication       : Started ProductManagementApplication in 6.41 seconds (process running for 7.165)
2026-02-03T14:13:19.244+08:00  INFO 96446 --- [RMI TCP Connection(2)-127.0.0.1] o.a.c.c.C.[Tomcat].[localhost].[/]       : Initializing Spring DispatcherServlet 'dispatcherServlet'
2026-02-03T14:13:19.245+08:00  INFO 96446 --- [RMI TCP Connection(2)-127.0.0.1] o.s.web.servlet.DispatcherServlet        : Initializing Servlet 'dispatcherServlet'
2026-02-03T14:13:19.246+08:00  INFO 96446 --- [RMI TCP Connection(2)-127.0.0.1] o.s.web.servlet.DispatcherServlet        : Completed initialization in 1 ms
2026-02-03T14:13:31.100+08:00 DEBUG 96446 --- [http-nio-8080-exec-1] o.s.security.web.FilterChainProxy        : Securing GET /
2026-02-03T14:13:31.122+08:00 DEBUG 96446 --- [http-nio-8080-exec-1] o.s.s.w.a.AnonymousAuthenticationFilter  : Set SecurityContextHolder to anonymous SecurityContext
2026-02-03T14:13:31.122+08:00 DEBUG 96446 --- [http-nio-8080-exec-1] o.s.s.w.session.SessionManagementFilter  : Request requested invalid session id DA86540B64E1032B780A8876CB7AC52A
2026-02-03T14:13:31.164+08:00 DEBUG 96446 --- [http-nio-8080-exec-1] o.s.s.w.s.HttpSessionRequestCache        : Saved request http://localhost:8080/?continue to session
2026-02-03T14:13:31.165+08:00 DEBUG 96446 --- [http-nio-8080-exec-1] o.s.s.web.DefaultRedirectStrategy        : Redirecting to http://localhost:8080/login
2026-02-03T14:13:31.184+08:00 DEBUG 96446 --- [http-nio-8080-exec-2] o.s.security.web.FilterChainProxy        : Securing GET /login
2026-02-03T14:13:31.187+08:00 DEBUG 96446 --- [http-nio-8080-exec-2] o.s.s.w.a.AnonymousAuthenticationFilter  : Set SecurityContextHolder to anonymous SecurityContext
2026-02-03T14:13:31.192+08:00 DEBUG 96446 --- [http-nio-8080-exec-2] o.s.security.web.FilterChainProxy        : Secured GET /login
2026-02-03T14:13:35.254+08:00 DEBUG 96446 --- [http-nio-8080-exec-3] o.s.security.web.FilterChainProxy        : Securing GET /favicon.ico
2026-02-03T14:13:35.257+08:00 DEBUG 96446 --- [http-nio-8080-exec-3] o.s.s.w.a.AnonymousAuthenticationFilter  : Set SecurityContextHolder to anonymous SecurityContext
2026-02-03T14:13:35.259+08:00 DEBUG 96446 --- [http-nio-8080-exec-3] o.s.s.web.DefaultRedirectStrategy        : Redirecting to http://localhost:8080/login
2026-02-03T14:13:35.375+08:00 DEBUG 96446 --- [http-nio-8080-exec-4] o.s.security.web.FilterChainProxy        : Securing GET /login
2026-02-03T14:13:35.379+08:00 DEBUG 96446 --- [http-nio-8080-exec-4] o.s.s.w.a.AnonymousAuthenticationFilter  : Set SecurityContextHolder to anonymous SecurityContext
2026-02-03T14:13:35.380+08:00 DEBUG 96446 --- [http-nio-8080-exec-4] o.s.security.web.FilterChainProxy        : Secured GET /login
2026-02-03T14:13:42.405+08:00 DEBUG 96446 --- [http-nio-8080-exec-5] o.s.security.web.FilterChainProxy        : Securing POST /api/auth/login
2026-02-03T14:13:43.125+08:00 DEBUG 96446 --- [http-nio-8080-exec-5] o.s.s.a.dao.DaoAuthenticationProvider    : Authenticated user
2026-02-03T14:13:43.127+08:00 DEBUG 96446 --- [http-nio-8080-exec-5] .s.ChangeSessionIdAuthenticationStrategy : Changed session id from 12DCBC55C1D8134DE02285B4CB05F83A
2026-02-03T14:13:43.128+08:00 DEBUG 96446 --- [http-nio-8080-exec-5] w.c.HttpSessionSecurityContextRepository : Stored SecurityContextImpl [Authentication=UsernamePasswordAuthenticationToken [Principal=com.example.productmanagement.entity.User@398a513d, Credentials=[PROTECTED], Authenticated=true, Details=WebAuthenticationDetails [RemoteIpAddress=0:0:0:0:0:0:0:1, SessionId=12DCBC55C1D8134DE02285B4CB05F83A], Granted Authorities=[ROLE_USER]]] to HttpSession [org.apache.catalina.session.StandardSessionFacade@51616b4]
2026-02-03T14:13:43.128+08:00 DEBUG 96446 --- [http-nio-8080-exec-5] w.a.UsernamePasswordAuthenticationFilter : Set SecurityContextHolder to UsernamePasswordAuthenticationToken [Principal=com.example.productmanagement.entity.User@398a513d, Credentials=[PROTECTED], Authenticated=true, Details=WebAuthenticationDetails [RemoteIpAddress=0:0:0:0:0:0:0:1, SessionId=12DCBC55C1D8134DE02285B4CB05F83A], Granted Authorities=[ROLE_USER]]
2026-02-03T14:13:43.129+08:00 DEBUG 96446 --- [http-nio-8080-exec-5] o.s.s.web.DefaultRedirectStrategy        : Redirecting to /main
2026-02-03T14:13:43.152+08:00 DEBUG 96446 --- [http-nio-8080-exec-6] o.s.security.web.FilterChainProxy        : Securing GET /main
2026-02-03T14:13:43.153+08:00 DEBUG 96446 --- [http-nio-8080-exec-6] w.c.HttpSessionSecurityContextRepository : Retrieved SecurityContextImpl [Authentication=UsernamePasswordAuthenticationToken [Principal=com.example.productmanagement.entity.User@398a513d, Credentials=[PROTECTED], Authenticated=true, Details=WebAuthenticationDetails [RemoteIpAddress=0:0:0:0:0:0:0:1, SessionId=12DCBC55C1D8134DE02285B4CB05F83A], Granted Authorities=[ROLE_USER]]]
2026-02-03T14:13:43.153+08:00 DEBUG 96446 --- [http-nio-8080-exec-6] o.s.security.web.FilterChainProxy        : Secured GET /main
2026-02-03T14:13:43.202+08:00 DEBUG 96446 --- [http-nio-8080-exec-7] o.s.security.web.FilterChainProxy        : Securing GET /dashboard
2026-02-03T14:13:43.203+08:00 DEBUG 96446 --- [http-nio-8080-exec-7] w.c.HttpSessionSecurityContextRepository : Retrieved SecurityContextImpl [Authentication=UsernamePasswordAuthenticationToken [Principal=com.example.productmanagement.entity.User@398a513d, Credentials=[PROTECTED], Authenticated=true, Details=WebAuthenticationDetails [RemoteIpAddress=0:0:0:0:0:0:0:1, SessionId=12DCBC55C1D8134DE02285B4CB05F83A], Granted Authorities=[ROLE_USER]]]
2026-02-03T14:13:43.203+08:00 DEBUG 96446 --- [http-nio-8080-exec-7] o.s.security.web.FilterChainProxy        : Secured GET /dashboard
2026-02-03T14:13:45.284+08:00 DEBUG 96446 --- [http-nio-8080-exec-8] o.s.security.web.FilterChainProxy        : Securing GET /favicon.ico
2026-02-03T14:13:45.291+08:00 DEBUG 96446 --- [http-nio-8080-exec-8] w.c.HttpSessionSecurityContextRepository : Retrieved SecurityContextImpl [Authentication=UsernamePasswordAuthenticationToken [Principal=com.example.productmanagement.entity.User@398a513d, Credentials=[PROTECTED], Authenticated=true, Details=WebAuthenticationDetails [RemoteIpAddress=0:0:0:0:0:0:0:1, SessionId=12DCBC55C1D8134DE02285B4CB05F83A], Granted Authorities=[ROLE_USER]]]
2026-02-03T14:13:45.293+08:00 DEBUG 96446 --- [http-nio-8080-exec-8] o.s.security.web.FilterChainProxy        : Secured GET /favicon.ico
2026-02-03T14:13:51.789+08:00 DEBUG 96446 --- [http-nio-8080-exec-9] o.s.security.web.FilterChainProxy        : Securing GET /orders
2026-02-03T14:13:51.796+08:00 DEBUG 96446 --- [http-nio-8080-exec-9] w.c.HttpSessionSecurityContextRepository : Retrieved SecurityContextImpl [Authentication=UsernamePasswordAuthenticationToken [Principal=com.example.productmanagement.entity.User@398a513d, Credentials=[PROTECTED], Authenticated=true, Details=WebAuthenticationDetails [RemoteIpAddress=0:0:0:0:0:0:0:1, SessionId=12DCBC55C1D8134DE02285B4CB05F83A], Granted Authorities=[ROLE_USER]]]
2026-02-03T14:13:51.797+08:00 DEBUG 96446 --- [http-nio-8080-exec-9] o.s.security.web.FilterChainProxy        : Secured GET /orders
2026-02-03T14:13:51.816+08:00  INFO 96446 --- [http-nio-8080-exec-9] c.e.p.c.view.OrderViewController         : 請求進入：顯示所有訂單列表，狀態篩選：null
2026-02-03T14:13:58.454+08:00 DEBUG 96446 --- [http-nio-8080-exec-10] o.s.security.web.FilterChainProxy        : Securing GET /orders/1001
2026-02-03T14:13:58.462+08:00 DEBUG 96446 --- [http-nio-8080-exec-10] w.c.HttpSessionSecurityContextRepository : Retrieved SecurityContextImpl [Authentication=UsernamePasswordAuthenticationToken [Principal=com.example.productmanagement.entity.User@398a513d, Credentials=[PROTECTED], Authenticated=true, Details=WebAuthenticationDetails [RemoteIpAddress=0:0:0:0:0:0:0:1, SessionId=12DCBC55C1D8134DE02285B4CB05F83A], Granted Authorities=[ROLE_USER]]]
2026-02-03T14:13:58.462+08:00 DEBUG 96446 --- [http-nio-8080-exec-10] o.s.security.web.FilterChainProxy        : Secured GET /orders/1001
2026-02-03T14:13:58.473+08:00  INFO 96446 --- [http-nio-8080-exec-10] c.e.p.c.view.OrderViewController         : 請求進入：顯示訂單詳情，ID: 1001
2026-02-03T14:14:08.120+08:00 DEBUG 96446 --- [http-nio-8080-exec-1] o.s.security.web.FilterChainProxy        : Securing GET /orders
2026-02-03T14:14:08.132+08:00 DEBUG 96446 --- [http-nio-8080-exec-1] w.c.HttpSessionSecurityContextRepository : Retrieved SecurityContextImpl [Authentication=UsernamePasswordAuthenticationToken [Principal=com.example.productmanagement.entity.User@398a513d, Credentials=[PROTECTED], Authenticated=true, Details=WebAuthenticationDetails [RemoteIpAddress=0:0:0:0:0:0:0:1, SessionId=12DCBC55C1D8134DE02285B4CB05F83A], Granted Authorities=[ROLE_USER]]]
2026-02-03T14:14:08.133+08:00 DEBUG 96446 --- [http-nio-8080-exec-1] o.s.security.web.FilterChainProxy        : Secured GET /orders
2026-02-03T14:14:08.152+08:00  INFO 96446 --- [http-nio-8080-exec-1] c.e.p.c.view.OrderViewController         : 請求進入：顯示所有訂單列表，狀態篩選：null
2026-02-03T14:15:45.731+08:00 DEBUG 96446 --- [http-nio-8080-exec-4] o.s.security.web.FilterChainProxy        : Securing GET /orders
2026-02-03T14:15:45.753+08:00 DEBUG 96446 --- [http-nio-8080-exec-4] w.c.HttpSessionSecurityContextRepository : Retrieved SecurityContextImpl [Authentication=UsernamePasswordAuthenticationToken [Principal=com.example.productmanagement.entity.User@398a513d, Credentials=[PROTECTED], Authenticated=true, Details=WebAuthenticationDetails [RemoteIpAddress=0:0:0:0:0:0:0:1, SessionId=12DCBC55C1D8134DE02285B4CB05F83A], Granted Authorities=[ROLE_USER]]]
2026-02-03T14:15:45.755+08:00 DEBUG 96446 --- [http-nio-8080-exec-4] o.s.security.web.FilterChainProxy        : Secured GET /orders
2026-02-03T14:15:45.775+08:00  INFO 96446 --- [http-nio-8080-exec-4] c.e.p.c.view.OrderViewController         : 請求進入：顯示所有訂單列表，狀態篩選：null
2026-02-03T14:15:47.353+08:00 DEBUG 96446 --- [http-nio-8080-exec-5] o.s.security.web.FilterChainProxy        : Securing GET /favicon.ico
2026-02-03T14:15:47.357+08:00 DEBUG 96446 --- [http-nio-8080-exec-5] w.c.HttpSessionSecurityContextRepository : Retrieved SecurityContextImpl [Authentication=UsernamePasswordAuthenticationToken [Principal=com.example.productmanagement.entity.User@398a513d, Credentials=[PROTECTED], Authenticated=true, Details=WebAuthenticationDetails [RemoteIpAddress=0:0:0:0:0:0:0:1, SessionId=12DCBC55C1D8134DE02285B4CB05F83A], Granted Authorities=[ROLE_USER]]]
2026-02-03T14:15:47.358+08:00 DEBUG 96446 --- [http-nio-8080-exec-5] o.s.security.web.FilterChainProxy        : Secured GET /favicon.ico
2026-02-03T14:15:51.421+08:00 DEBUG 96446 --- [http-nio-8080-exec-6] o.s.security.web.FilterChainProxy        : Securing GET /dashboard
2026-02-03T14:15:51.424+08:00 DEBUG 96446 --- [http-nio-8080-exec-6] w.c.HttpSessionSecurityContextRepository : Retrieved SecurityContextImpl [Authentication=UsernamePasswordAuthenticationToken [Principal=com.example.productmanagement.entity.User@398a513d, Credentials=[PROTECTED], Authenticated=true, Details=WebAuthenticationDetails [RemoteIpAddress=0:0:0:0:0:0:0:1, SessionId=12DCBC55C1D8134DE02285B4CB05F83A], Granted Authorities=[ROLE_USER]]]
2026-02-03T14:15:51.425+08:00 DEBUG 96446 --- [http-nio-8080-exec-6] o.s.security.web.FilterChainProxy        : Secured GET /dashboard
2026-02-03T14:16:06.503+08:00 DEBUG 96446 --- [http-nio-8080-exec-7] o.s.security.web.FilterChainProxy        : Securing GET /orders
2026-02-03T14:16:06.507+08:00 DEBUG 96446 --- [http-nio-8080-exec-7] w.c.HttpSessionSecurityContextRepository : Retrieved SecurityContextImpl [Authentication=UsernamePasswordAuthenticationToken [Principal=com.example.productmanagement.entity.User@398a513d, Credentials=[PROTECTED], Authenticated=true, Details=WebAuthenticationDetails [RemoteIpAddress=0:0:0:0:0:0:0:1, SessionId=12DCBC55C1D8134DE02285B4CB05F83A], Granted Authorities=[ROLE_USER]]]
2026-02-03T14:16:06.508+08:00 DEBUG 96446 --- [http-nio-8080-exec-7] o.s.security.web.FilterChainProxy        : Secured GET /orders
2026-02-03T14:16:06.533+08:00  INFO 96446 --- [http-nio-8080-exec-7] c.e.p.c.view.OrderViewController         : 請求進入：顯示所有訂單列表，狀態篩選：null
2026-02-03T14:16:15.898+08:00 DEBUG 96446 --- [http-nio-8080-exec-8] o.s.security.web.FilterChainProxy        : Securing GET /dashboard
2026-02-03T14:16:15.904+08:00 DEBUG 96446 --- [http-nio-8080-exec-8] w.c.HttpSessionSecurityContextRepository : Retrieved SecurityContextImpl [Authentication=UsernamePasswordAuthenticationToken [Principal=com.example.productmanagement.entity.User@398a513d, Credentials=[PROTECTED], Authenticated=true, Details=WebAuthenticationDetails [RemoteIpAddress=0:0:0:0:0:0:0:1, SessionId=12DCBC55C1D8134DE02285B4CB05F83A], Granted Authorities=[ROLE_USER]]]
2026-02-03T14:16:15.905+08:00 DEBUG 96446 --- [http-nio-8080-exec-8] o.s.security.web.FilterChainProxy        : Secured GET /dashboard
2026-02-03T14:16:26.906+08:00 DEBUG 96446 --- [http-nio-8080-exec-9] o.s.security.web.FilterChainProxy        : Securing GET /dashboard
2026-02-03T14:16:26.912+08:00 DEBUG 96446 --- [http-nio-8080-exec-9] w.c.HttpSessionSecurityContextRepository : Retrieved SecurityContextImpl [Authentication=UsernamePasswordAuthenticationToken [Principal=com.example.productmanagement.entity.User@398a513d, Credentials=[PROTECTED], Authenticated=true, Details=WebAuthenticationDetails [RemoteIpAddress=0:0:0:0:0:0:0:1, SessionId=12DCBC55C1D8134DE02285B4CB05F83A], Granted Authorities=[ROLE_USER]]]
2026-02-03T14:16:26.914+08:00 DEBUG 96446 --- [http-nio-8080-exec-9] o.s.security.web.FilterChainProxy        : Secured GET /dashboard
2026-02-03T14:16:27.714+08:00 DEBUG 96446 --- [http-nio-8080-exec-10] o.s.security.web.FilterChainProxy        : Securing GET /favicon.ico
2026-02-03T14:16:27.722+08:00 DEBUG 96446 --- [http-nio-8080-exec-10] w.c.HttpSessionSecurityContextRepository : Retrieved SecurityContextImpl [Authentication=UsernamePasswordAuthenticationToken [Principal=com.example.productmanagement.entity.User@398a513d, Credentials=[PROTECTED], Authenticated=true, Details=WebAuthenticationDetails [RemoteIpAddress=0:0:0:0:0:0:0:1, SessionId=12DCBC55C1D8134DE02285B4CB05F83A], Granted Authorities=[ROLE_USER]]]
2026-02-03T14:16:27.735+08:00 DEBUG 96446 --- [http-nio-8080-exec-10] o.s.security.web.FilterChainProxy        : Secured GET /favicon.ico
2026-02-03T14:16:30.940+08:00 DEBUG 96446 --- [http-nio-8080-exec-1] o.s.security.web.FilterChainProxy        : Securing GET /orders
2026-02-03T14:16:30.944+08:00 DEBUG 96446 --- [http-nio-8080-exec-1] w.c.HttpSessionSecurityContextRepository : Retrieved SecurityContextImpl [Authentication=UsernamePasswordAuthenticationToken [Principal=com.example.productmanagement.entity.User@398a513d, Credentials=[PROTECTED], Authenticated=true, Details=WebAuthenticationDetails [RemoteIpAddress=0:0:0:0:0:0:0:1, SessionId=12DCBC55C1D8134DE02285B4CB05F83A], Granted Authorities=[ROLE_USER]]]
2026-02-03T14:16:30.944+08:00 DEBUG 96446 --- [http-nio-8080-exec-1] o.s.security.web.FilterChainProxy        : Secured GET /orders
2026-02-03T14:16:30.947+08:00  INFO 96446 --- [http-nio-8080-exec-1] c.e.p.c.view.OrderViewController         : 請求進入：顯示所有訂單列表，狀態篩選：null
2026-02-03T14:16:36.495+08:00 DEBUG 96446 --- [http-nio-8080-exec-2] o.s.security.web.FilterChainProxy        : Securing GET /dashboard
2026-02-03T14:16:36.501+08:00 DEBUG 96446 --- [http-nio-8080-exec-2] w.c.HttpSessionSecurityContextRepository : Retrieved SecurityContextImpl [Authentication=UsernamePasswordAuthenticationToken [Principal=com.example.productmanagement.entity.User@398a513d, Credentials=[PROTECTED], Authenticated=true, Details=WebAuthenticationDetails [RemoteIpAddress=0:0:0:0:0:0:0:1, SessionId=12DCBC55C1D8134DE02285B4CB05F83A], Granted Authorities=[ROLE_USER]]]
2026-02-03T14:16:36.502+08:00 DEBUG 96446 --- [http-nio-8080-exec-2] o.s.security.web.FilterChainProxy        : Secured GET /dashboard
2026-02-03T14:16:51.852+08:00 DEBUG 96446 --- [http-nio-8080-exec-4] o.s.security.web.FilterChainProxy        : Securing GET /orders
2026-02-03T14:16:51.856+08:00 DEBUG 96446 --- [http-nio-8080-exec-4] w.c.HttpSessionSecurityContextRepository : Retrieved SecurityContextImpl [Authentication=UsernamePasswordAuthenticationToken [Principal=com.example.productmanagement.entity.User@398a513d, Credentials=[PROTECTED], Authenticated=true, Details=WebAuthenticationDetails [RemoteIpAddress=0:0:0:0:0:0:0:1, SessionId=12DCBC55C1D8134DE02285B4CB05F83A], Granted Authorities=[ROLE_USER]]]
2026-02-03T14:16:51.858+08:00 DEBUG 96446 --- [http-nio-8080-exec-4] o.s.security.web.FilterChainProxy        : Secured GET /orders
2026-02-03T14:16:51.870+08:00  INFO 96446 --- [http-nio-8080-exec-4] c.e.p.c.view.OrderViewController         : 請求進入：顯示所有訂單列表，狀態篩選：null
2026-02-03T14:16:59.010+08:00 DEBUG 96446 --- [http-nio-8080-exec-5] o.s.security.web.FilterChainProxy        : Securing GET /orders?status=PENDING
2026-02-03T14:16:59.054+08:00 DEBUG 96446 --- [http-nio-8080-exec-5] w.c.HttpSessionSecurityContextRepository : Retrieved SecurityContextImpl [Authentication=UsernamePasswordAuthenticationToken [Principal=com.example.productmanagement.entity.User@398a513d, Credentials=[PROTECTED], Authenticated=true, Details=WebAuthenticationDetails [RemoteIpAddress=0:0:0:0:0:0:0:1, SessionId=12DCBC55C1D8134DE02285B4CB05F83A], Granted Authorities=[ROLE_USER]]]
2026-02-03T14:16:59.055+08:00 DEBUG 96446 --- [http-nio-8080-exec-5] o.s.security.web.FilterChainProxy        : Secured GET /orders?status=PENDING
2026-02-03T14:16:59.065+08:00  INFO 96446 --- [http-nio-8080-exec-5] c.e.p.c.view.OrderViewController         : 請求進入：顯示所有訂單列表，狀態篩選：PENDING
2026-02-03T14:17:12.742+08:00 DEBUG 96446 --- [http-nio-8080-exec-6] o.s.security.web.FilterChainProxy        : Securing GET /orders?status=COMPLETED
2026-02-03T14:17:12.753+08:00 DEBUG 96446 --- [http-nio-8080-exec-6] w.c.HttpSessionSecurityContextRepository : Retrieved SecurityContextImpl [Authentication=UsernamePasswordAuthenticationToken [Principal=com.example.productmanagement.entity.User@398a513d, Credentials=[PROTECTED], Authenticated=true, Details=WebAuthenticationDetails [RemoteIpAddress=0:0:0:0:0:0:0:1, SessionId=12DCBC55C1D8134DE02285B4CB05F83A], Granted Authorities=[ROLE_USER]]]
2026-02-03T14:17:12.757+08:00 DEBUG 96446 --- [http-nio-8080-exec-6] o.s.security.web.FilterChainProxy        : Secured GET /orders?status=COMPLETED
2026-02-03T14:17:12.761+08:00  INFO 96446 --- [http-nio-8080-exec-6] c.e.p.c.view.OrderViewController         : 請求進入：顯示所有訂單列表，狀態篩選：COMPLETED
2026-02-03T14:17:29.288+08:00 DEBUG 96446 --- [http-nio-8080-exec-7] o.s.security.web.FilterChainProxy        : Securing GET /orders?status=
2026-02-03T14:17:29.294+08:00 DEBUG 96446 --- [http-nio-8080-exec-7] w.c.HttpSessionSecurityContextRepository : Retrieved SecurityContextImpl [Authentication=UsernamePasswordAuthenticationToken [Principal=com.example.productmanagement.entity.User@398a513d, Credentials=[PROTECTED], Authenticated=true, Details=WebAuthenticationDetails [RemoteIpAddress=0:0:0:0:0:0:0:1, SessionId=12DCBC55C1D8134DE02285B4CB05F83A], Granted Authorities=[ROLE_USER]]]
2026-02-03T14:17:29.295+08:00 DEBUG 96446 --- [http-nio-8080-exec-7] o.s.security.web.FilterChainProxy        : Secured GET /orders?status=
2026-02-03T14:17:29.313+08:00  INFO 96446 --- [http-nio-8080-exec-7] c.e.p.c.view.OrderViewController         : 請求進入：顯示所有訂單列表，狀態篩選：
2026-02-03T14:17:35.613+08:00 DEBUG 96446 --- [http-nio-8080-exec-8] o.s.security.web.FilterChainProxy        : Securing POST /orders/1002/status
2026-02-03T14:17:35.616+08:00 DEBUG 96446 --- [http-nio-8080-exec-8] w.c.HttpSessionSecurityContextRepository : Retrieved SecurityContextImpl [Authentication=UsernamePasswordAuthenticationToken [Principal=com.example.productmanagement.entity.User@398a513d, Credentials=[PROTECTED], Authenticated=true, Details=WebAuthenticationDetails [RemoteIpAddress=0:0:0:0:0:0:0:1, SessionId=12DCBC55C1D8134DE02285B4CB05F83A], Granted Authorities=[ROLE_USER]]]
2026-02-03T14:17:35.617+08:00 DEBUG 96446 --- [http-nio-8080-exec-8] o.s.security.web.FilterChainProxy        : Secured POST /orders/1002/status
2026-02-03T14:17:36.086+08:00 DEBUG 96446 --- [http-nio-8080-exec-9] o.s.security.web.FilterChainProxy        : Securing GET /orders
2026-02-03T14:17:36.087+08:00 DEBUG 96446 --- [http-nio-8080-exec-9] w.c.HttpSessionSecurityContextRepository : Retrieved SecurityContextImpl [Authentication=UsernamePasswordAuthenticationToken [Principal=com.example.productmanagement.entity.User@398a513d, Credentials=[PROTECTED], Authenticated=true, Details=WebAuthenticationDetails [RemoteIpAddress=0:0:0:0:0:0:0:1, SessionId=12DCBC55C1D8134DE02285B4CB05F83A], Granted Authorities=[ROLE_USER]]]
2026-02-03T14:17:36.088+08:00 DEBUG 96446 --- [http-nio-8080-exec-9] o.s.security.web.FilterChainProxy        : Secured GET /orders
2026-02-03T14:17:36.090+08:00  INFO 96446 --- [http-nio-8080-exec-9] c.e.p.c.view.OrderViewController         : 請求進入：顯示所有訂單列表，狀態篩選：null
2026-02-03T14:17:39.756+08:00 DEBUG 96446 --- [http-nio-8080-exec-10] o.s.security.web.FilterChainProxy        : Securing GET /dashboard
2026-02-03T14:17:39.764+08:00 DEBUG 96446 --- [http-nio-8080-exec-10] w.c.HttpSessionSecurityContextRepository : Retrieved SecurityContextImpl [Authentication=UsernamePasswordAuthenticationToken [Principal=com.example.productmanagement.entity.User@398a513d, Credentials=[PROTECTED], Authenticated=true, Details=WebAuthenticationDetails [RemoteIpAddress=0:0:0:0:0:0:0:1, SessionId=12DCBC55C1D8134DE02285B4CB05F83A], Granted Authorities=[ROLE_USER]]]
2026-02-03T14:17:39.776+08:00 DEBUG 96446 --- [http-nio-8080-exec-10] o.s.security.web.FilterChainProxy        : Secured GET /dashboard
2026-02-03T14:18:36.093+08:00 DEBUG 96446 --- [http-nio-8080-exec-2] o.s.security.web.FilterChainProxy        : Securing GET /dashboard
2026-02-03T14:18:36.101+08:00 DEBUG 96446 --- [http-nio-8080-exec-2] w.c.HttpSessionSecurityContextRepository : Retrieved SecurityContextImpl [Authentication=UsernamePasswordAuthenticationToken [Principal=com.example.productmanagement.entity.User@398a513d, Credentials=[PROTECTED], Authenticated=true, Details=WebAuthenticationDetails [RemoteIpAddress=0:0:0:0:0:0:0:1, SessionId=12DCBC55C1D8134DE02285B4CB05F83A], Granted Authorities=[ROLE_USER]]]
2026-02-03T14:18:36.102+08:00 DEBUG 96446 --- [http-nio-8080-exec-2] o.s.security.web.FilterChainProxy        : Secured GET /dashboard
2026-02-03T14:18:37.582+08:00 DEBUG 96446 --- [http-nio-8080-exec-3] o.s.security.web.FilterChainProxy        : Securing GET /favicon.ico
2026-02-03T14:18:37.584+08:00 DEBUG 96446 --- [http-nio-8080-exec-3] w.c.HttpSessionSecurityContextRepository : Retrieved SecurityContextImpl [Authentication=UsernamePasswordAuthenticationToken [Principal=com.example.productmanagement.entity.User@398a513d, Credentials=[PROTECTED], Authenticated=true, Details=WebAuthenticationDetails [RemoteIpAddress=0:0:0:0:0:0:0:1, SessionId=12DCBC55C1D8134DE02285B4CB05F83A], Granted Authorities=[ROLE_USER]]]
2026-02-03T14:18:37.585+08:00 DEBUG 96446 --- [http-nio-8080-exec-3] o.s.security.web.FilterChainProxy        : Secured GET /favicon.ico
2026-02-03T14:18:45.873+08:00 DEBUG 96446 --- [http-nio-8080-exec-4] o.s.security.web.FilterChainProxy        : Securing GET /orders
2026-02-03T14:18:45.880+08:00 DEBUG 96446 --- [http-nio-8080-exec-4] w.c.HttpSessionSecurityContextRepository : Retrieved SecurityContextImpl [Authentication=UsernamePasswordAuthenticationToken [Principal=com.example.productmanagement.entity.User@398a513d, Credentials=[PROTECTED], Authenticated=true, Details=WebAuthenticationDetails [RemoteIpAddress=0:0:0:0:0:0:0:1, SessionId=12DCBC55C1D8134DE02285B4CB05F83A], Granted Authorities=[ROLE_USER]]]
2026-02-03T14:18:45.884+08:00 DEBUG 96446 --- [http-nio-8080-exec-4] o.s.security.web.FilterChainProxy        : Secured GET /orders
2026-02-03T14:18:45.895+08:00  INFO 96446 --- [http-nio-8080-exec-4] c.e.p.c.view.OrderViewController         : 請求進入：顯示所有訂單列表，狀態篩選：null
2026-02-03T14:28:17.388+08:00 DEBUG 96446 --- [http-nio-8080-exec-7] o.s.security.web.FilterChainProxy        : Securing POST /logout
2026-02-03T14:28:17.426+08:00 DEBUG 96446 --- [http-nio-8080-exec-7] w.c.HttpSessionSecurityContextRepository : Retrieved SecurityContextImpl [Authentication=UsernamePasswordAuthenticationToken [Principal=com.example.productmanagement.entity.User@398a513d, Credentials=[PROTECTED], Authenticated=true, Details=WebAuthenticationDetails [RemoteIpAddress=0:0:0:0:0:0:0:1, SessionId=12DCBC55C1D8134DE02285B4CB05F83A], Granted Authorities=[ROLE_USER]]]
2026-02-03T14:28:17.427+08:00 DEBUG 96446 --- [http-nio-8080-exec-7] o.s.s.w.a.logout.LogoutFilter            : Logging out [UsernamePasswordAuthenticationToken [Principal=com.example.productmanagement.entity.User@398a513d, Credentials=[PROTECTED], Authenticated=true, Details=WebAuthenticationDetails [RemoteIpAddress=0:0:0:0:0:0:0:1, SessionId=12DCBC55C1D8134DE02285B4CB05F83A], Granted Authorities=[ROLE_USER]]]
2026-02-03T14:28:17.503+08:00 DEBUG 96446 --- [http-nio-8080-exec-7] o.s.s.w.a.l.SecurityContextLogoutHandler : Invalidated session B7BD20E8E7255A3C78D24D802DED67C0
2026-02-03T14:28:17.547+08:00 DEBUG 96446 --- [http-nio-8080-exec-7] o.s.s.web.DefaultRedirectStrategy        : Redirecting to /login?logout=true
2026-02-03T14:28:17.614+08:00 DEBUG 96446 --- [http-nio-8080-exec-8] o.s.security.web.FilterChainProxy        : Securing GET /login?logout=true
2026-02-03T14:28:17.633+08:00 DEBUG 96446 --- [http-nio-8080-exec-8] o.s.s.w.a.AnonymousAuthenticationFilter  : Set SecurityContextHolder to anonymous SecurityContext
2026-02-03T14:28:17.638+08:00 DEBUG 96446 --- [http-nio-8080-exec-8] o.s.security.web.FilterChainProxy        : Secured GET /login?logout=true
2026-02-03T14:31:38.751+08:00 DEBUG 96446 --- [http-nio-8080-exec-1] o.s.security.web.FilterChainProxy        : Securing POST /api/auth/login
2026-02-03T14:31:39.284+08:00 DEBUG 96446 --- [http-nio-8080-exec-1] o.s.s.a.dao.DaoAuthenticationProvider    : Authenticated user
2026-02-03T14:31:39.290+08:00 DEBUG 96446 --- [http-nio-8080-exec-1] w.c.HttpSessionSecurityContextRepository : Stored SecurityContextImpl [Authentication=UsernamePasswordAuthenticationToken [Principal=com.example.productmanagement.entity.User@75680542, Credentials=[PROTECTED], Authenticated=true, Details=WebAuthenticationDetails [RemoteIpAddress=0:0:0:0:0:0:0:1, SessionId=null], Granted Authorities=[ROLE_USER]]] to HttpSession [org.apache.catalina.session.StandardSessionFacade@7c2e2284]
2026-02-03T14:31:39.291+08:00 DEBUG 96446 --- [http-nio-8080-exec-1] w.a.UsernamePasswordAuthenticationFilter : Set SecurityContextHolder to UsernamePasswordAuthenticationToken [Principal=com.example.productmanagement.entity.User@75680542, Credentials=[PROTECTED], Authenticated=true, Details=WebAuthenticationDetails [RemoteIpAddress=0:0:0:0:0:0:0:1, SessionId=null], Granted Authorities=[ROLE_USER]]
2026-02-03T14:31:39.292+08:00 DEBUG 96446 --- [http-nio-8080-exec-1] o.s.s.web.DefaultRedirectStrategy        : Redirecting to /main
2026-02-03T14:31:39.314+08:00 DEBUG 96446 --- [http-nio-8080-exec-2] o.s.security.web.FilterChainProxy        : Securing GET /main
2026-02-03T14:31:39.317+08:00 DEBUG 96446 --- [http-nio-8080-exec-2] w.c.HttpSessionSecurityContextRepository : Retrieved SecurityContextImpl [Authentication=UsernamePasswordAuthenticationToken [Principal=com.example.productmanagement.entity.User@75680542, Credentials=[PROTECTED], Authenticated=true, Details=WebAuthenticationDetails [RemoteIpAddress=0:0:0:0:0:0:0:1, SessionId=null], Granted Authorities=[ROLE_USER]]]
2026-02-03T14:31:39.320+08:00 DEBUG 96446 --- [http-nio-8080-exec-2] o.s.security.web.FilterChainProxy        : Secured GET /main
2026-02-03T14:31:39.356+08:00 DEBUG 96446 --- [http-nio-8080-exec-3] o.s.security.web.FilterChainProxy        : Securing GET /dashboard
2026-02-03T14:31:39.356+08:00 DEBUG 96446 --- [http-nio-8080-exec-3] w.c.HttpSessionSecurityContextRepository : Retrieved SecurityContextImpl [Authentication=UsernamePasswordAuthenticationToken [Principal=com.example.productmanagement.entity.User@75680542, Credentials=[PROTECTED], Authenticated=true, Details=WebAuthenticationDetails [RemoteIpAddress=0:0:0:0:0:0:0:1, SessionId=null], Granted Authorities=[ROLE_USER]]]
2026-02-03T14:31:39.357+08:00 DEBUG 96446 --- [http-nio-8080-exec-3] o.s.security.web.FilterChainProxy        : Secured GET /dashboard
2026-02-03T14:33:27.403+08:00 DEBUG 96446 --- [http-nio-8080-exec-6] o.s.security.web.FilterChainProxy        : Securing GET /products
2026-02-03T14:33:27.408+08:00 DEBUG 96446 --- [http-nio-8080-exec-6] w.c.HttpSessionSecurityContextRepository : Retrieved SecurityContextImpl [Authentication=UsernamePasswordAuthenticationToken [Principal=com.example.productmanagement.entity.User@75680542, Credentials=[PROTECTED], Authenticated=true, Details=WebAuthenticationDetails [RemoteIpAddress=0:0:0:0:0:0:0:1, SessionId=null], Granted Authorities=[ROLE_USER]]]
2026-02-03T14:33:27.409+08:00 DEBUG 96446 --- [http-nio-8080-exec-6] o.s.security.web.FilterChainProxy        : Secured GET /products
2026-02-03T14:33:27.426+08:00  INFO 96446 --- [http-nio-8080-exec-6] c.e.p.c.view.ProductViewController       : 請求進入：顯示所有商品列表
2026-02-03T14:37:22.493+08:00  INFO 96446 --- [SpringApplicationShutdownHook] j.LocalContainerEntityManagerFactoryBean : Closing JPA EntityManagerFactory for persistence unit 'default'
2026-02-03T14:37:22.538+08:00  INFO 96446 --- [SpringApplicationShutdownHook] com.zaxxer.hikari.HikariDataSource       : HikariPool-1 - Shutdown initiated...
2026-02-03T14:37:22.723+08:00  INFO 96446 --- [SpringApplicationShutdownHook] com.zaxxer.hikari.HikariDataSource       : HikariPool-1 - Shutdown completed.
